Arguments: 
  C:\Program Files\nodejs\node.exe C:\Users\farha\AppData\Roaming\npm\node_modules\yarn\bin\yarn.js add @usecsv/vuejs

PATH: 
  C:\Program Files (x86)\VMware\VMware Player\bin\;C:\Program Files (x86)\Common Files\Oracle\Java\javapath;C:\Windows\system32;C:\Windows;C:\Windows\System32\Wbem;C:\Windows\System32\WindowsPowerShell\v1.0\;C:\Windows\System32\OpenSSH\;C:\Program Files (x86)\NVIDIA Corporation\PhysX\Common;C:\Program Files\NVIDIA Corporation\NVIDIA NvDLISR;C:\Program Files\nodejs\;C:\Program Files\Kubernetes\Minikube;C:\Program Files (x86)\ATI Technologies\ATI.ACE\Core-Static;C:\Program Files\PuTTY\;C:\Program Files\Docker\Docker\resources\bin;C:\Program Files\Git\cmd;C:\Users\farha\AppData\Local\Programs\Python\Python311\Scripts\;C:\Users\farha\AppData\Local\Programs\Python\Python311\;C:\Users\farha\AppData\Local\Microsoft\WindowsApps;;C:\Users\farha\AppData\Local\Programs\Microsoft VS Code\bin;C:\Users\farha\AppData\Roaming\npm

Yarn version: 
  1.22.19

Node version: 
  16.18.0

Platform: 
  win32 x64

Trace: 
  Error: EPERM: operation not permitted, unlink 'C:\Users\farha\OneDrive\Desktop\MEVN_Project\frontend\node_modules\@esbuild\win32-x64\esbuild.exe'

npm manifest: 
  {
    "name": "frontend",
    "version": "0.0.0",
    "private": true,
    "scripts": {
      "dev": "vite",
      "build": "vite build",
      "preview": "vite preview"
    },
    "dependencies": {
      "@popperjs/core": "^2.11.6",
      "apexcharts": "^3.36.3",
      "bootstrap": "^5.2.3",
      "pinia": "^2.0.28",
      "vue": "^3.2.45",
      "vue-router": "^4.1.6",
      "vue3-apexcharts": "^1.4.1"
    },
    "devDependencies": {
      "@vitejs/plugin-vue": "^4.0.0",
      "@vitejs/plugin-vue-jsx": "^3.0.0",
      "vite": "^4.0.0"
    }
  }

yarn manifest: 
  No manifest

Lockfile: 
  No lockfile
